>> Errors while converting pdfs to text

Unable to convert handouts_2nd_sem/EEE_G622_80.pdf
Unable to convert handouts_2nd_sem/HSS_F345_1625.pdf

>> Errors while making final courses yaml file

942
939
921
850/853
815
739/742
730/733
699
697
556
550
538/541
528
505/508
492
427/430
403
404
364/367
314
291
226/229
211/214
140
79/82
73
59
16/19
Error in file handout_texts/MF_F221_2400.txt: , , 
Error in file handout_texts/HSS_F223_1596.txt: , , 
Error in file handout_texts/ECON_F244_1445.txt: , , 
Error in file handout_texts/ME_F221_2399.txt: , , 
Error in file handout_texts/MATH_F424_2191.txt: , , 
Error in file handout_texts/BIO_G545_2124.txt: , , 
Error in file handout_texts/BITS_F429_1899_1.txt: , , 
Error in file handout_texts/ECON_F211_1023_1.txt: , , 
Error in file handout_texts/HSS_F247_2425.txt: , , 
Error in file handout_texts/CHE_F242_1181.txt: , , 
Error in file handout_texts/GS_F266_1659.txt: , , 
Error in file handout_texts/CS_F469_1857_1.txt: , , 
Error in file handout_texts/ME_G515_410.txt: , , 
